2014-06-13 22:45:21,611 INFO  [jeeves.config.springutil.JeevesApplicationContext] - Refreshing Root WebApplicationContext: startup date [Fri Jun 13 22:45:21 CEST 2014]; root of context hierarchy
2014-06-13 22:45:21,705 DEBUG [jeeves.config.springutil.JeevesApplicationContext] - Bean factory for Root WebApplicationContext: org.springframework.beans.factory.support.DefaultListableBeanFactory@38a3cb0a: defining beans [org.springframework.aop.config.internalAutoProxyCreator,org.springframework.transaction.annotation.AnnotationTransactionAttributeSource#0,org.springframework.transaction.interceptor.TransactionInterceptor#0,org.springframework.transaction.config.internalTransactionAdvisor,SchemaManager,ThesaurusManager,languageProfilesDir]; root of factory hierarchy
2014-06-13 22:45:21,777 DEBUG [jeeves.config.springutil.JeevesApplicationContext] - Unable to locate MessageSource with name 'messageSource': using default [org.springframework.context.support.DelegatingMessageSource@685df781]
2014-06-13 22:45:21,779 DEBUG [jeeves.config.springutil.JeevesApplicationContext] - Unable to locate ApplicationEventMulticaster with name 'applicationEventMulticaster': using default [org.springframework.context.event.SimpleApplicationEventMulticaster@44f9ba]
2014-06-13 22:45:21,848 DEBUG [jeeves.config.springutil.JeevesApplicationContext] - Unable to locate LifecycleProcessor with name 'lifecycleProcessor': using default [org.springframework.context.support.DefaultLifecycleProcessor@42929e]
2014-06-13 22:45:21,858 INFO  [jeeves.config.springutil.JeevesApplicationContext] - Refreshing Root WebApplicationContext: startup date [Fri Jun 13 22:45:21 CEST 2014]; parent: Root WebApplicationContext
2014-06-13 22:45:23,367 DEBUG [jeeves.config.springutil.JeevesApplicationContext] - Bean factory for Root WebApplicationContext: org.springframework.beans.factory.support.DefaultListableBeanFactory@139c223b: defining beans [filterChainProxy,coreFilterChain,filterChainFilters,multiNodeAuthenticationFilter,preAuthenticationFilter,securityContextPersistenceFilter,authenticationManager,securityContextRepository,formLoginFilter,basicAuthenticationFilter,authenticationDetailsSource,basicAuthenticationEntryPoint,logoutFilter,logoutSuccessHandler,requestCacheFilter,exceptionTranslationFilter,authenticationEntryPoint,accessDeniedHandler,geonetworkEncoder,geonetworkAuthenticationProvider,preFilterAuthenticationProvider,accessDecisionManager,anonymousFilter,anonymousProvider,sessionMgmtFilter,webPrivilegeEvaluatorCore,updateTimestampListener,org.springframework.security.web.access.expression.DefaultWebSecurityExpressionHandler#0,filterSecurityInterceptor,org.springframework.beans.factory.config.PropertyPlaceholderConfigurer#0,JZKitZ3950PluginMetadata,org.springframework.context.annotation.internalConfigurationAnnotationProcessor,org.springframework.context.annotation.internalAutowiredAnnotationProcessor,org.springframework.context.annotation.internalRequiredAnnotationProcessor,org.springframework.context.annotation.internalCommonAnnotationProcessor,org.springframework.context.annotation.internalPersistenceAnnotationProcessor,QB-CQL,org.jzkit.recordbuilder.iso2709,org.jzkit.recordbuilder.xml,org.jzkit.recordbuilder.string,messageSource,ContextGateway,OIDRegister,Z3950Listener,JZKit2SearchBackend,JZKitConfig,ProfileService,TransformationService,RecordBuilderService,StatelessQueryService,SearchSession,SearchSessionFactory,RPNToInternalRules,InternalToType1ConversionRules,initial-data,mapPrinter,configFactory,thumbnailMaker,mapReaderFactoryFinder,wms-MapReaderFactory,mapServer-MapReaderFactory,tileCache-MapReaderFactory,osm-MapReaderFactory,xyz-MapReaderFactory,tms-MapReaderFactory,vector-MapReaderFactory,image-MapReaderFactory,tiledGoogle-MapReaderFactory,google-MapReaderFactory,wmts-ReaderFactory,outputFactory,fileCachingJaiMosaicOutputFactory,inMemoryJaiMosaicOutputFactory,pdfOutputFactory,org.springframework.aop.config.internalAutoProxyCreator,xmlSerializer,svnManager,scheduler,luceneDirectoryFactory,httpRequestFactor,defaultLanguage,languages,org.springframework.transaction.annotation.AnnotationTransactionAttributeSource#0,org.springframework.transaction.interceptor.TransactionInterceptor#0,org.springframework.transaction.config.internalTransactionAdvisor,AccessManager,DataManager,GeonetworkDataDirectory,Iso19139ExportFormat,luceneConfig,SearchManager,LuceneIndexLanguageTracker,HarvesterSettingsManager,SettingInfo,SettingManager,MetadataNotifierManager,IsoLanguagesMapper,IncreasePopularityTask,SearchLoggerTask,MetadataNotifierTask,MetadataNotifierClient,catalogDispatcher,CswService.DescribeRecord,CswService.GetCapabilities,CswService.GetDomain,CswService.GetRecordById,CswService.GetRecords,CswService.Transaction,CatalogConfiguration,FieldMapper,userRepositoryImpl,userRepository,schematronCriteriaRepositoryImpl,schematronCriteriaRepository,customElementSetRepository,harvesterDataRepository,searchRequestParamRepositoryImpl,searchRequestParamRepository,settingRepositoryImpl,settingRepository,metadataNotificationRepositoryImpl,metadataNotificationRepository,mapServerRepositoryImpl,mapServerRepository,sourceRepository,metadataValidationRepositoryImpl,metadataValidationRepository,languageRepositoryImpl,languageRepository,thesaurusActivationRepository,metadataFileUploadRepositoryImpl,metadataFileUploadRepository,metadataStatusRepositoryImpl,metadataStatusRepository,groupRepositoryImpl,groupRepository,harvestHistoryRepositoryImpl,harvestHistoryRepository,metadataFileDownloadRepository,schematronCriteriaGroupRepository,operationRepositoryImpl,operationRepository,cswCapabilitiesInfoFieldRepositoryImpl,cswCapabilitiesInfoFieldRepository,metadataCategoryRepositoryImpl,metadataCategoryRepository,statusValueRepositoryImpl,statusValueRepository,addressRepository,searchRequestRepositoryImpl,searchRequestRepository,metadataRelationRepository,metadataRepositoryImpl,metadataRepository,schematronRepository,metadataRatingByIpRepositoryImpl,metadataRatingByIpRepository,isoLanguageRepositoryImpl,isoLanguageRepository,serviceRepository,metadataNotifierRepositoryImpl,metadataNotifierRepository,userGroupRepositoryImpl,userGroupRepository,harvesterSettingRepository,operationAllowedRepositoryImpl,operationAllowedRepository,org.springframework.data.repository.core.support.RepositoryInterfaceAwareBeanPostProcessor#0,userNodeIdSetter,entityManagerFactory,generateDdl,jpaVendorAdapter,transactionManager,Harvest,HarvestManager,geonetwork,geonetwork20,geoPREST,webdav,csw,z3950,z3950Config,oaipmh,ogcwxs,thredds,arcsde,filesystem,wfsfeatures,ProfileManager,MonitorManager,JeevesEngine,ScheduleManager,ServiceManager,XmlCacheManager,TransactionAspect,ServiceInfo,RegionsDAO,MetadataRegionsDAO,resourceUploadHandler,resourceDownloadHandler,resourceRemoveHandler,database-migration-bean,migrationMap,nodeInfo,org.springframework.beans.factory.config.PropertyPlaceholderConfigurer#1,jdbcDataSource,jpaVendorAdapterDatabaseParam,jdbcDriverClassName,jdbcURL]; parent: org.springframework.beans.factory.support.DefaultListableBeanFactory@38a3cb0a
2014-06-13 22:45:23,372 DEBUG [jeeves] - Setting Url on jdbcDataSource with new value: jdbc:h2:H:\GIT_GEONETWORK_FORK\geonetwork_NEW\e2e-tests\target\classes\datadir\0/e2egeonetwork;LOCK_TIMEOUT=20000;DB_CLOSE_ON_EXIT=FALSE;MVCC=TRUE
2014-06-13 22:45:23,651 INFO  [jeeves.config.springutil.JeevesApplicationContext] - Bean 'org.springframework.transaction.annotation.AnnotationTransactionAttributeSource#0' of type [class org.springframework.transaction.annotation.AnnotationTransactionAttributeSource] is not eligible for getting processed by all BeanPostProcessors (for example: not eligible for auto-proxying)
2014-06-13 22:45:23,732 INFO  [jeeves.config.springutil.JeevesApplicationContext] - Bean 'org.springframework.transaction.config.internalTransactionAdvisor' of type [class org.springframework.transaction.interceptor.BeanFactoryTransactionAttributeSourceAdvisor] is not eligible for getting processed by all BeanPostProcessors (for example: not eligible for auto-proxying)
2014-06-13 22:45:23,746 INFO  [jeeves.config.springutil.JeevesApplicationContext] - Bean 'migrationMap' of type [class org.springframework.beans.factory.config.MapFactoryBean] is not eligible for getting processed by all BeanPostProcessors (for example: not eligible for auto-proxying)
2014-06-13 22:45:23,750 INFO  [jeeves.config.springutil.JeevesApplicationContext] - Bean 'migrationMap' of type [class java.util.LinkedHashMap] is not eligible for getting processed by all BeanPostProcessors (for example: not eligible for auto-proxying)
2014-06-13 22:45:23,769 DEBUG [jeeves.config.springutil.JeevesApplicationContext] - Using MessageSource [org.springframework.context.support.ResourceBundleMessageSource: basenames=[messages]]
2014-06-13 22:45:23,769 DEBUG [jeeves.config.springutil.JeevesApplicationContext] - Unable to locate ApplicationEventMulticaster with name 'applicationEventMulticaster': using default [org.springframework.context.event.SimpleApplicationEventMulticaster@3718001d]
2014-06-13 22:45:24,170 WARN  [geonetwork] -       Database does not contain any version information. Check that the database is a GeoNetwork database with data.  Migration step aborted.
2014-06-13 22:45:30,107 DEBUG [jeeves.config.springutil.JeevesApplicationContext] - Unable to locate LifecycleProcessor with name 'lifecycleProcessor': using default [org.springframework.context.support.DefaultLifecycleProcessor@69013e0a]
2014-06-13 22:45:30,422 DEBUG [jeeves.config.springutil.JeevesDelegatingFilterProxy] - Initializing filter 'springSecurityFilterChain'
2014-06-13 22:45:30,430 DEBUG [jeeves.config.springutil.JeevesDelegatingFilterProxy] - Filter 'springSecurityFilterChain' configured successfully
2014-06-13 22:45:30,501 DEBUG [ro.isdc.wro.http.handler.factory.DefaultRequestHandlerFactory] - using provider: ro.isdc.wro.util.provider.DefaultConfigurableProvider@10ff41bf
2014-06-13 22:45:30,505 DEBUG [ro.isdc.wro.http.handler.factory.DefaultRequestHandlerFactory] - using provider: ro.isdc.wro.extensions.support.spi.DefaultConfigurableProvider@3a358bd
2014-06-13 22:45:30,506 DEBUG [ro.isdc.wro.http.handler.factory.DefaultRequestHandlerFactory] - using provider: org.fao.geonet.wro4j.GeonetworkWrojModelFactoryProvider@5916e228
2014-06-13 22:45:30,515 DEBUG [ro.isdc.wro.http.WroServletContextListener] - initializing attributeHelper named: default
2014-06-13 22:45:30,524 DEBUG [ro.isdc.wro.http.WroServletContextListener] - initializing attributeHelper named: default
2014-06-13 22:45:30,526 DEBUG [ro.isdc.wro.http.WroFilter] - managerFactory attribute: null
2014-06-13 22:45:30,533 DEBUG [ro.isdc.wro.http.WroFilter] - created managerFactory: org.fao.geonet.wro4j.GeonetworkWrojManagerFactory@7da6a672
2014-06-13 22:45:30,537 DEBUG [ro.isdc.wro.http.support.ResponseHeadersConfigurer] - Header Values: {pragma=no-cache, cache-control=no-cache, expires=0}
2014-06-13 22:45:30,539 DEBUG [ro.isdc.wro.http.WroFilter] - Cache & Model change listeners were registered
2014-06-13 22:45:30,593 INFO  [ro.isdc.wro.http.WroFilter] - wro4j version: 1.7.1
2014-06-13 22:45:30,601 INFO  [ro.isdc.wro.http.WroFilter] - wro4j configuration: ro.isdc.wro.config.jmx.WroConfiguration@2bbe6de1[
  cacheUpdatePeriod=0
  modelUpdatePeriod=0
  resourceWatcherUpdatePeriod=0
  gzipEnabled=true
  debug=true
  ignoreMissingResources=false
  disableCache=false
  cacheGzippedContent=true
  jmxEnabled=true
  wroManagerClassName=org.fao.geonet.wro4j.GeonetworkWrojManagerFactory
  encoding=UTF-8
  mbeanName=geonetwork-wro4j
  header=<null>
  connectionTimeout=2000
  parallelPreprocessing=false
  ignoreEmptyGroup=true
  ignoreFailingProcessor=false
  minimizeEnabled=true
]
2014-06-13 22:45:30,762 INFO  [jeeves] - Upload directory is: H:\GIT_GEONETWORK_FORK\geonetwork_NEW\e2e-tests\target\geonetworkWar\./data/tmp/
2014-06-13 22:45:31,089 INFO  [jeeves.service] - Service admin.schematroncriteria.exists already exist, re-register it.
2014-06-13 22:45:31,340 INFO  [jeeves.apphand] - Initializing GeoNetwork 2.11.0-SNAPSHOT.SNAPSHOT ...
2014-06-13 22:45:32,851 INFO  [jeeves.apphand] - Data directory: H:\GIT_GEONETWORK_FORK\geonetwork_NEW\e2e-tests\target\classes\datadir\0\
2014-06-13 22:45:32,852 INFO  [jeeves.apphand] - mime-mappings property set to H:\GIT_GEONETWORK_FORK\geonetwork_NEW\e2e-tests\target\geonetworkWar\WEB-INF\mime-types.properties
2014-06-13 22:45:32,860 WARN  [geonetwork.database] - Executing SQL from: WEB-INF/classes/setup/sql/data data-db-
2014-06-13 22:45:33,079 WARN  [geonetwork.database] - Executing SQL from: WEB-INF/classes/setup/sql/data loc-eng-
2014-06-13 22:45:33,235 WARN  [geonetwork.database] - Executing SQL from: WEB-INF/classes/setup/sql/data loc-fre-
2014-06-13 22:45:33,375 WARN  [geonetwork.database] - Executing SQL from: WEB-INF/classes/setup/sql/data loc-ger-
2014-06-13 22:45:33,557 WARN  [geonetwork.database] - Executing SQL from: WEB-INF/classes/setup/sql/data loc-spa-
2014-06-13 22:45:33,687 WARN  [geonetwork.database] - Executing SQL from: WEB-INF/classes/setup/sql/data loc-cat-
2014-06-13 22:45:33,830 WARN  [geonetwork.database] - Executing SQL from: WEB-INF/classes/setup/sql/data loc-rus-
2014-06-13 22:45:33,951 WARN  [geonetwork.database] - Executing SQL from: WEB-INF/classes/setup/sql/data loc-por-
2014-06-13 22:45:34,045 WARN  [geonetwork.database] - Executing SQL from: WEB-INF/classes/setup/sql/data loc-chi-
2014-06-13 22:45:34,135 WARN  [geonetwork.database] - Executing SQL from: WEB-INF/classes/setup/sql/data loc-dut-
2014-06-13 22:45:34,221 WARN  [geonetwork.database] - Executing SQL from: WEB-INF/classes/setup/sql/data loc-nor-
2014-06-13 22:45:34,305 WARN  [geonetwork.database] - Executing SQL from: WEB-INF/classes/setup/sql/data loc-fin-
2014-06-13 22:45:34,380 WARN  [geonetwork.database] - Executing SQL from: WEB-INF/classes/setup/sql/data loc-ara-
2014-06-13 22:45:34,453 WARN  [geonetwork.database] - Executing SQL from: WEB-INF/classes/setup/sql/data loc-ita-
2014-06-13 22:45:34,534 WARN  [geonetwork.database] - Executing SQL from: WEB-INF/classes/setup/sql/data loc-tur-
2014-06-13 22:45:34,603 WARN  [geonetwork.database] - Executing SQL from: WEB-INF/classes/setup/sql/data loc-vie-
2014-06-13 22:45:34,672 WARN  [geonetwork.database] - Executing SQL from: WEB-INF/classes/setup/sql/data loc-pol-
2014-06-13 22:45:34,844 INFO  [jeeves.apphand] -   - Thread Pool...
2014-06-13 22:45:34,845 INFO  [jeeves.apphand] -   - Setting manager...
2014-06-13 22:45:34,846 INFO  [jeeves.apphand] -   - Z39.50...
2014-06-13 22:45:34,848 INFO  [jeeves.apphand] -      - Z39.50 is enabled: true
2014-06-13 22:45:34,850 WARN  [jeeves.apphand] - Cannot initialize Z39.50 repositories because the file JZKitConfig.xml.tem could not be found in the classpath
2014-06-13 22:45:34,850 ERROR [jeeves.apphand] -      Repositories file builder FAILED - Z3950 server disabled and Z3950 client services (remote search, harvesting) may not work.
2014-06-13 22:45:34,851 INFO  [jeeves.apphand] -   - Schema manager...
2014-06-13 22:45:34,851 INFO  [jeeves.apphand] - 			- Schema plugins directory: H:\GIT_GEONETWORK_FORK\geonetwork_NEW\e2e-tests\target\classes\datadir\0\config\schema_plugins
2014-06-13 22:45:34,852 INFO  [jeeves.apphand] - 			- Schema Catalog File     : H:\GIT_GEONETWORK_FORK\geonetwork_NEW\e2e-tests\target\classes\datadir\0\config\schemaplugin-uri-catalog.xml
2014-06-13 22:45:34,942 DEBUG [jeeves] - Using oasis catalog files H:\GIT_GEONETWORK_FORK\geonetwork_NEW\e2e-tests\target\geonetworkWar\WEB-INF\oasis-catalog.xml;H:\GIT_GEONETWORK_FORK\geonetwork_NEW\e2e-tests\target\classes\datadir\0\config\schemaplugin-uri-catalog.xml
2014-06-13 22:45:34,942 DEBUG [jeeves] - Using catalog resolver verbosity 1
2014-06-13 22:45:35,484 DEBUG [jeeves] - Using oasis catalog files H:\GIT_GEONETWORK_FORK\geonetwork_NEW\e2e-tests\target\geonetworkWar\WEB-INF\oasis-catalog.xml;H:\GIT_GEONETWORK_FORK\geonetwork_NEW\e2e-tests\target\classes\datadir\0\config\schemaplugin-uri-catalog.xml;H:\GIT_GEONETWORK_FORK\geonetwork_NEW\e2e-tests\target\classes\datadir\0\config\schema_plugins\iso19139/oasis-catalog.xml
2014-06-13 22:45:35,484 DEBUG [jeeves] - Using catalog resolver verbosity 1
2014-06-13 22:45:36,471 DEBUG [jeeves] - Using oasis catalog files H:\GIT_GEONETWORK_FORK\geonetwork_NEW\e2e-tests\target\geonetworkWar\WEB-INF\oasis-catalog.xml;H:\GIT_GEONETWORK_FORK\geonetwork_NEW\e2e-tests\target\classes\datadir\0\config\schemaplugin-uri-catalog.xml;H:\GIT_GEONETWORK_FORK\geonetwork_NEW\e2e-tests\target\classes\datadir\0\config\schema_plugins\iso19139/oasis-catalog.xml
2014-06-13 22:45:36,471 DEBUG [jeeves] - Using catalog resolver verbosity 1
2014-06-13 22:45:36,474 INFO  [jeeves.apphand] -   - Search...
2014-06-13 22:45:36,475 INFO  [jeeves.apphand] -   - Log spatial object: false
2014-06-13 22:45:36,477 INFO  [jeeves.apphand] -   - Log in asynch mode: true
2014-06-13 22:45:36,484 INFO  [jeeves.apphand] -   - Lucene configuration is:
2014-06-13 22:45:36,486 INFO  [jeeves.apphand] - Lucene configuration:
 * Version: LUCENE_36
 * RAMBufferSize: 48.0
 * MergeFactor: 10
 * Default analyzer: org.fao.geonet.kernel.search.GeoNetworkAnalyzer
 * Field analyzers: {_source=org.apache.lucene.analysis.core.KeywordAnalyzer, hassource=org.fao.geonet.kernel.search.GeoNetworkAnalyzer, parentUuid=org.fao.geonet.kernel.search.GeoNetworkAnalyzer, _groupPublished=org.apache.lucene.analysis.core.KeywordAnalyzer, subject=org.apache.lucene.analysis.core.KeywordAnalyzer, hasfeaturecat=org.fao.geonet.kernel.search.GeoNetworkAnalyzer, keyword=org.apache.lucene.analysis.core.KeywordAnalyzer, _cat=org.apache.lucene.analysis.core.KeywordAnalyzer, operatesOnIdentifier=org.fao.geonet.kernel.search.GeoNetworkAnalyzer, operatesOn=org.fao.geonet.kernel.search.GeoNetworkAnalyzer, _uuid=org.fao.geonet.kernel.search.GeoNetworkAnalyzer, inspirerelated=org.apache.lucene.analysis.core.KeywordAnalyzer}
 * Field search analyzers: {_source=org.apache.lucene.analysis.core.KeywordAnalyzer, parentUuid=org.fao.geonet.kernel.search.GeoNetworkAnalyzer, hassource=org.fao.geonet.kernel.search.GeoNetworkAnalyzer, subject=org.apache.lucene.analysis.core.KeywordAnalyzer, _groupPublished=org.apache.lucene.analysis.core.KeywordAnalyzer, keyword=org.apache.lucene.analysis.core.KeywordAnalyzer, operatesOn=org.fao.geonet.kernel.search.GeoNetworkAnalyzer, hasfeaturecat=org.fao.geonet.kernel.search.GeoNetworkAnalyzer, _cat=org.apache.lucene.analysis.core.KeywordAnalyzer, operatesOnIdentifier=org.fao.geonet.kernel.search.GeoNetworkAnalyzer, _uuid=org.fao.geonet.kernel.search.GeoNetworkAnalyzer, inspirerelated=org.apache.lucene.analysis.core.KeywordAnalyzer}
 * Field boost factor: {_op2=0.0, _owner=0.0, _isTemplate=0.0, _op0=0.0, _op1=0.0, _dummy=0.0}
 * Boost document class: null
 * Tokenized fields: [abstract, anylight, keywordType, title, subject, any, levelName, altTitle, specificationTitle]
 * Numeric fields: [eastBL, southBL, northBL, westBL, denominator]
 * Dump fields: {_valid_schematron-rules-inspire=valid_schematron-rules-inspire, _popularity=popularity, _source=source, _owner=owner, accessConstr=Constraints, _ownername=ownername, responsibleParty=responsibleParty, type=type, _userinfo=userinfo, _isTemplate=isTemplate, _rating=rating, credit=credit, _status=status, _title=title, _root=root, parentUuid=parentId, image=image, conditionApplyingToAccessAndUse=Constraints, datasetLang=datasetLang, serviceType=serviceType, _indexingErrorMsg=idxMsg, _isHarvested=isHarvested, _download=download, spatialRepresentationType=spatialRepresentationType, _valid_xsd=valid_xsd, _indexingError=idxError, _op0=publishedForGroup, language=language, _notify=notify, _dynamic=dynamic, link=link, _view=view, _locale=_locale, _valid_schematron-rules-iso=valid_schematron-rules-iso, _selected=selected, _valid=valid, _cat=category, classif=SecurityConstraints, otherConstr=Constraints, abstract=abstract, _valid_schematron-rules-geonetwork=valid_schematron-rules-geonetwork, _featured=featured, keyword=keyword, _displayOrder=displayOrder, _groupOwner=groupOwner, geoBox=geoBox, _edit=edit, _defaultTitle=defaultTitle, _docLocale=docLocale}
 * Search boost query: null
 * Score: 
  * trackDocScores: false 
  * trackMaxScore: false 
  * docsScoredInOrder: false 
Taxonomy configuration: [hits, results, titles, results_with_summary, suggestions, subtemplates]
  * type: hits
{keyword=Field: keyword	name:keyword	max:15	sort byCOUNT	sort order:DESCENDING, inspiretheme=Field: inspiretheme	name:inspireTheme	max:35	sort byVALUE	sort order:ASCENDING, denominator=Field: denominator	name:denominator	max:10	sort byNUMVALUE	sort order:DESCENDING, spatialRepresentationType=Field: spatialRepresentationType	name:spatialRepresentationType	max:10	sort byCOUNT	sort order:DESCENDING, orgName=Field: orgName	name:orgName	max:15	sort byCOUNT	sort order:DESCENDING, metadataPOC=Field: metadataPOC	name:metadataPOC	max:15	sort byCOUNT	sort order:DESCENDING, serviceType=Field: serviceType	name:serviceType	max:10	sort byCOUNT	sort order:DESCENDING, type=Field: type	name:type	max:10	sort byCOUNT	sort order:DESCENDING, createDateYear=Field: createDateYear	name:createDateYear	max:40	sort byVALUE	sort order:DESCENDING, format=Field: format	name:format	max:15	sort byVALUE	sort order:DESCENDING}  * type: results
{keyword=Field: keyword	name:keyword	max:100	sort byCOUNT	sort order:DESCENDING}  * type: titles
{title=Field: title	name:title	max:100	sort byCOUNT	sort order:DESCENDING}  * type: results_with_summary
{keyword=Field: keyword	name:keyword	max:15	sort byCOUNT	sort order:DESCENDING, inspiretheme=Field: inspiretheme	name:inspireTheme	max:35	sort byVALUE	sort order:ASCENDING, denominator=Field: denominator	name:denominator	max:20	sort byVALUE	sort order:ASCENDING, spatialRepresentationType=Field: spatialRepresentationType	name:spatialRepresentationType	max:10	sort byCOUNT	sort order:DESCENDING, orgName=Field: orgName	name:orgName	max:15	sort byCOUNT	sort order:DESCENDING, metadataPOC=Field: metadataPOC	name:metadataPOC	max:15	sort byCOUNT	sort order:DESCENDING, serviceType=Field: serviceType	name:serviceType	max:10	sort byCOUNT	sort order:DESCENDING, type=Field: type	name:type	max:10	sort byCOUNT	sort order:DESCENDING, createDateYear=Field: createDateYear	name:createDateYear	max:40	sort byCOUNT	sort order:ASCENDING}  * type: suggestions
{keyword=Field: keyword	name:keyword	max:10	sort byCOUNT	sort order:DESCENDING, title=Field: title	name:title	max:100	sort byCOUNT	sort order:DESCENDING, inspiretheme=Field: inspiretheme	name:inspireTheme	max:10	sort byVALUE	sort order:ASCENDING, denominator=Field: denominator	name:denominator	max:10	sort byVALUE	sort order:ASCENDING, spatialRepresentationType=Field: spatialRepresentationType	name:spatialRepresentationType	max:10	sort byCOUNT	sort order:DESCENDING, orgName=Field: orgName	name:orgName	max:100	sort byCOUNT	sort order:DESCENDING, metadataPOC=Field: metadataPOC	name:metadataPOC	max:10	sort byCOUNT	sort order:DESCENDING, serviceType=Field: serviceType	name:serviceType	max:10	sort byCOUNT	sort order:DESCENDING, type=Field: type	name:type	max:10	sort byCOUNT	sort order:DESCENDING, createDateYear=Field: createDateYear	name:createDateYear	max:10	sort byCOUNT	sort order:ASCENDING}  * type: subtemplates
{_root=Field: _root	name:subTemplateType	max:10	sort byCOUNT	sort order:DESCENDING, _groupOwner=Field: _groupOwner	name:groupOwner	max:99	sort byVALUE	sort order:DESCENDING}
2014-06-13 22:45:36,525 INFO  [jeeves.apphand] - Creating shapefile H:\GIT_GEONETWORK_FORK\geonetwork_NEW\e2e-tests\target\classes\datadir\0\index\spatialindex.shp
2014-06-13 22:45:36,965 INFO  [jeeves.apphand] - NOTE: Using shapefile for spatial index, this can be slow for larger catalogs
2014-06-13 22:45:37,942 INFO  [jeeves.apphand] -   - Access manager...
2014-06-13 22:45:37,944 INFO  [jeeves.apphand] -   - Xml serializer and Data manager...
2014-06-13 22:45:38,984 INFO  [jeeves.apphand] -   - Thesaurus...
2014-06-13 22:45:38,995 INFO  [jeeves.apphand] -   - Open Archive Initiative (OAI-PMH) server...
2014-06-13 22:45:39,135 INFO  [jeeves.apphand] - Site ID is : 55faa2b5-2bc8-4c0f-a51c-1c696cf5eeb1
2014-06-13 22:45:39,139 INFO  [jeeves.apphand] -       Setting catalogue logo for current node identified by: 55faa2b5-2bc8-4c0f-a51c-1c696cf5eeb1
